<?xml version="1.0" encoding="UTF-8"?>
<testng-results ignored="0" total="2" passed="2" failed="0" skipped="0">
  <reporter-output>
  </reporter-output>
  <suite started-at="2024-10-15T02:13:18 EDT" name="Default suite" finished-at="2024-10-15T02:13:22 EDT" duration-ms="3868">
    <groups>
    </groups>
    <test started-at="2024-10-15T02:13:18 EDT" name="Default test" finished-at="2024-10-15T02:13:22 EDT" duration-ms="3868">
      <class name="tests.GetAndPostExamples">
        <test-method signature="testGet()[pri:0, instance:tests.GetAndPostExamples@21282ed8]" started-at="2024-10-15T02:13:18 EDT" name="testGet" finished-at="2024-10-15T02:13:22 EDT" duration-ms="3450" status="PASS">
          <reporter-output>
          </reporter-output>
        </test-method> <!-- testGet -->
        <test-method signature="testPost()[pri:0, instance:tests.GetAndPostExamples@21282ed8]" started-at="2024-10-15T02:13:22 EDT" name="testPost" finished-at="2024-10-15T02:13:22 EDT" duration-ms="355" status="PASS">
          <reporter-output>
          </reporter-output>
        </test-method> <!-- testPost -->
      </class> <!-- tests.GetAndPostExamples -->
    </test> <!-- Default test -->
  </suite> <!-- Default suite -->
</testng-results>
