<?xml version="1.0" encoding="UTF-8"?>
<testng-results ignored="0" total="2" passed="2" failed="0" skipped="0">
  <reporter-output>
  </reporter-output>
  <suite started-at="2024-10-15T00:57:27 EDT" name="Default suite" finished-at="2024-10-15T00:57:30 EDT" duration-ms="3423">
    <groups>
    </groups>
    <test started-at="2024-10-15T00:57:27 EDT" name="Default test" finished-at="2024-10-15T00:57:30 EDT" duration-ms="3423">
      <class name="tests.TestsExamples">
        <test-method signature="test_1()[pri:0, instance:tests.TestsExamples@32502377]" started-at="2024-10-15T00:57:27 EDT" name="test_1" finished-at="2024-10-15T00:57:29 EDT" duration-ms="2227" status="PASS">
          <reporter-output>
          </reporter-output>
        </test-method> <!-- test_1 -->
        <test-method signature="test_2()[pri:0, instance:tests.TestsExamples@32502377]" started-at="2024-10-15T00:57:29 EDT" name="test_2" finished-at="2024-10-15T00:57:30 EDT" duration-ms="1125" status="PASS">
          <reporter-output>
          </reporter-output>
        </test-method> <!-- test_2 -->
      </class> <!-- tests.TestsExamples -->
    </test> <!-- Default test -->
  </suite> <!-- Default suite -->
</testng-results>
